Determining if the __i386 exist failed with the following output:
Change Dir: /home/flowerfell-sans/桌面/DDNetPP/build/CMakeFiles/CMakeTmp

Run Build Command(s):/usr/bin/make cmTC_4deaa/fast && /usr/bin/make -f CMakeFiles/cmTC_4deaa.dir/build.make CMakeFiles/cmTC_4deaa.dir/build
make[1]: 进入目录“/home/flowerfell-sans/桌面/DDNetPP/build/CMakeFiles/CMakeTmp”
Building C object CMakeFiles/cmTC_4deaa.dir/CheckSymbolExists.c.o
/usr/bin/cc    -o CMakeFiles/cmTC_4deaa.dir/CheckSymbolExists.c.o   -c /home/flowerfell-sans/桌面/DDNetPP/build/CMakeFiles/CMakeTmp/CheckSymbolExists.c
/home/flowerfell-sans/桌面/DDNetPP/build/CMakeFiles/CMakeTmp/CheckSymbolExists.c: In function ‘main’:
/home/flowerfell-sans/桌面/DDNetPP/build/CMakeFiles/CMakeTmp/CheckSymbolExists.c:7:19: error: ‘__i386’ undeclared (first use in this function)
    7 |   return ((int*)(&__i386))[argc];
      |                   ^~~~~~
/home/flowerfell-sans/桌面/DDNetPP/build/CMakeFiles/CMakeTmp/CheckSymbolExists.c:7:19: note: each undeclared identifier is reported only once for each function it appears in
make[1]: *** [CMakeFiles/cmTC_4deaa.dir/build.make:66：CMakeFiles/cmTC_4deaa.dir/CheckSymbolExists.c.o] 错误 1
make[1]: 离开目录“/home/flowerfell-sans/桌面/DDNetPP/build/CMakeFiles/CMakeTmp”
make: *** [Makefile:121：cmTC_4deaa/fast] 错误 2


File /home/flowerfell-sans/桌面/DDNetPP/build/CMakeFiles/CMakeTmp/CheckSymbolExists.c:
/* */

int main(int argc, char** argv)
{
  (void)argv;
#ifndef __i386
  return ((int*)(&__i386))[argc];
#else
  (void)argc;
  return 0;
#endif
}
Performing C SOURCE FILE Test FLAG_SUPPORTED_Wthread_safety failed with the following output:
Change Dir: /home/flowerfell-sans/桌面/DDNetPP/build/CMakeFiles/CMakeTmp

Run Build Command(s):/usr/bin/make cmTC_c9480/fast && /usr/bin/make -f CMakeFiles/cmTC_c9480.dir/build.make CMakeFiles/cmTC_c9480.dir/build
make[1]: Entering directory '/home/flowerfell-sans/桌面/DDNetPP/build/CMakeFiles/CMakeTmp'
Building C object CMakeFiles/cmTC_c9480.dir/src.c.o
/usr/bin/cc   -DFLAG_SUPPORTED_Wthread_safety   -Wthread-safety -o CMakeFiles/cmTC_c9480.dir/src.c.o   -c /home/flowerfell-sans/桌面/DDNetPP/build/CMakeFiles/CMakeTmp/src.c
cc: error: unrecognized command line option '-Wthread-safety'
make[1]: *** [CMakeFiles/cmTC_c9480.dir/build.make:66: CMakeFiles/cmTC_c9480.dir/src.c.o] Error 1
make[1]: Leaving directory '/home/flowerfell-sans/桌面/DDNetPP/build/CMakeFiles/CMakeTmp'
make: *** [Makefile:121: cmTC_c9480/fast] Error 2


Source file was:
int main(void) { return 0; }
Performing C SOURCE FILE Test CMAKE_HAVE_LIBC_PTHREAD failed with the following output:
Change Dir: /home/flowerfell-sans/桌面/DDNetPP/build/CMakeFiles/CMakeTmp

Run Build Command(s):/usr/bin/make cmTC_235bb/fast && /usr/bin/make -f CMakeFiles/cmTC_235bb.dir/build.make CMakeFiles/cmTC_235bb.dir/build
make[1]: 进入目录“/home/flowerfell-sans/桌面/DDNetPP/build/CMakeFiles/CMakeTmp”
Building C object CMakeFiles/cmTC_235bb.dir/src.c.o
/usr/bin/cc   -DCMAKE_HAVE_LIBC_PTHREAD   -o CMakeFiles/cmTC_235bb.dir/src.c.o   -c /home/flowerfell-sans/桌面/DDNetPP/build/CMakeFiles/CMakeTmp/src.c
Linking C executable cmTC_235bb
/usr/bin/cmake -E cmake_link_script CMakeFiles/cmTC_235bb.dir/link.txt --verbose=1
/usr/bin/cc  -DCMAKE_HAVE_LIBC_PTHREAD    CMakeFiles/cmTC_235bb.dir/src.c.o  -o cmTC_235bb 
/usr/bin/ld: CMakeFiles/cmTC_235bb.dir/src.c.o: in function `main':
src.c:(.text+0x46): undefined reference to `pthread_create'
/usr/bin/ld: src.c:(.text+0x52): undefined reference to `pthread_detach'
/usr/bin/ld: src.c:(.text+0x63): undefined reference to `pthread_join'
collect2: error: ld returned 1 exit status
make[1]: *** [CMakeFiles/cmTC_235bb.dir/build.make:87：cmTC_235bb] 错误 1
make[1]: 离开目录“/home/flowerfell-sans/桌面/DDNetPP/build/CMakeFiles/CMakeTmp”
make: *** [Makefile:121：cmTC_235bb/fast] 错误 2


Source file was:
#include <pthread.h>

void* test_func(void* data)
{
  return data;
}

int main(void)
{
  pthread_t thread;
  pthread_create(&thread, NULL, test_func, NULL);
  pthread_detach(thread);
  pthread_join(thread, NULL);
  pthread_atfork(NULL, NULL, NULL);
  pthread_exit(NULL);

  return 0;
}

